srun: job 35108814 queued and waiting for resources
srun: job 35108814 has been allocated resources
[FLASH] Starting FLASH v1.2.11
[FLASH] Fast Length Adjustment of SHort reads
[FLASH]  
[FLASH] Input files:
[FLASH]     ./data/sra_fastq/ERR6913121_1.fastq.gz
[FLASH]     ./data/sra_fastq/ERR6913121_2.fastq.gz
[FLASH]  
[FLASH] Output files:
[FLASH]     ./data/merged_pairs/ERR6913121.flash.extendedFrags.fastq
[FLASH]     ./data/merged_pairs/ERR6913121.flash.notCombined_1.fastq
[FLASH]     ./data/merged_pairs/ERR6913121.flash.notCombined_2.fastq
[FLASH]     ./data/merged_pairs/ERR6913121.flash.hist
[FLASH]     ./data/merged_pairs/ERR6913121.flash.histogram
[FLASH]  
[FLASH] Parameters:
[FLASH]     Min overlap:           10
[FLASH]     Max overlap:           65
[FLASH]     Max mismatch density:  0.250000
[FLASH]     Allow "outie" pairs:   false
[FLASH]     Cap mismatch quals:    false
[FLASH]     Combiner threads:      8
[FLASH]     Input format:          FASTQ, phred_offset=33
[FLASH]     Output format:         FASTQ, phred_offset=33
[FLASH]  
[FLASH] Starting reader and writer threads
[FLASH] Starting 8 combiner threads
[FLASH] Processed 25000 read pairs
[FLASH] Processed 50000 read pairs
[FLASH] Processed 60329 read pairs
[FLASH]  
[FLASH] Read combination statistics:
[FLASH]     Total pairs:      60329
[FLASH]     Combined pairs:   55440
[FLASH]     Uncombined pairs: 4889
[FLASH]     Percent combined: 91.90%
[FLASH]  
[FLASH] Writing histogram files.
[FLASH] WARNING: An unexpectedly high proportion of combined pairs (83.64%)
overlapped by more than 65 bp, the --max-overlap (-M) parameter.  Consider
increasing this parameter.  (As-is, FLASH is penalizing overlaps longer than
65 bp when considering them for possible combining!)
[FLASH]  
[FLASH] FLASH v1.2.11 complete!
[FLASH] 0.110 seconds elapsed
[FLASH] Finished with 1 warning (see above)
[FLASH] Starting FLASH v1.2.11
[FLASH] Fast Length Adjustment of SHort reads
[FLASH]  
[FLASH] Input files:
[FLASH]     ./data/sra_fastq/ERR6913217_1.fastq.gz
[FLASH]     ./data/sra_fastq/ERR6913217_2.fastq.gz
[FLASH]  
[FLASH] Output files:
[FLASH]     ./data/merged_pairs/ERR6913217.flash.extendedFrags.fastq
[FLASH]     ./data/merged_pairs/ERR6913217.flash.notCombined_1.fastq
[FLASH]     ./data/merged_pairs/ERR6913217.flash.notCombined_2.fastq
[FLASH]     ./data/merged_pairs/ERR6913217.flash.hist
[FLASH]     ./data/merged_pairs/ERR6913217.flash.histogram
[FLASH]  
[FLASH] Parameters:
[FLASH]     Min overlap:           10
[FLASH]     Max overlap:           65
[FLASH]     Max mismatch density:  0.250000
[FLASH]     Allow "outie" pairs:   false
[FLASH]     Cap mismatch quals:    false
[FLASH]     Combiner threads:      8
[FLASH]     Input format:          FASTQ, phred_offset=33
[FLASH]     Output format:         FASTQ, phred_offset=33
[FLASH]  
[FLASH] Starting reader and writer threads
[FLASH] Starting 8 combiner threads
[FLASH] Processed 25000 read pairs
[FLASH] Processed 50000 read pairs
[FLASH] Processed 75000 read pairs
[FLASH] Processed 100000 read pairs
[FLASH] Processed 101549 read pairs
[FLASH]  
[FLASH] Read combination statistics:
[FLASH]     Total pairs:      101549
[FLASH]     Combined pairs:   95934
[FLASH]     Uncombined pairs: 5615
[FLASH]     Percent combined: 94.47%
[FLASH]  
[FLASH] Writing histogram files.
[FLASH] WARNING: An unexpectedly high proportion of combined pairs (71.47%)
overlapped by more than 65 bp, the --max-overlap (-M) parameter.  Consider
increasing this parameter.  (As-is, FLASH is penalizing overlaps longer than
65 bp when considering them for possible combining!)
[FLASH]  
[FLASH] FLASH v1.2.11 complete!
[FLASH] 0.136 seconds elapsed
[FLASH] Finished with 1 warning (see above)
[FLASH] Starting FLASH v1.2.11
[FLASH] Fast Length Adjustment of SHort reads
[FLASH]  
[FLASH] Input files:
[FLASH]     ./data/sra_fastq/ERR6913301_1.fastq.gz
[FLASH]     ./data/sra_fastq/ERR6913301_2.fastq.gz
[FLASH]  
[FLASH] Output files:
[FLASH]     ./data/merged_pairs/ERR6913301.flash.extendedFrags.fastq
[FLASH]     ./data/merged_pairs/ERR6913301.flash.notCombined_1.fastq
[FLASH]     ./data/merged_pairs/ERR6913301.flash.notCombined_2.fastq
[FLASH]     ./data/merged_pairs/ERR6913301.flash.hist
[FLASH]     ./data/merged_pairs/ERR6913301.flash.histogram
[FLASH]  
[FLASH] Parameters:
[FLASH]     Min overlap:           10
[FLASH]     Max overlap:           65
[FLASH]     Max mismatch density:  0.250000
[FLASH]     Allow "outie" pairs:   false
[FLASH]     Cap mismatch quals:    false
[FLASH]     Combiner threads:      8
[FLASH]     Input format:          FASTQ, phred_offset=33
[FLASH]     Output format:         FASTQ, phred_offset=33
[FLASH]  
[FLASH] Starting reader and writer threads
[FLASH] Starting 8 combiner threads
[FLASH] Processed 25000 read pairs
[FLASH] Processed 50000 read pairs
[FLASH] Processed 75000 read pairs
[FLASH] Processed 100000 read pairs
[FLASH] Processed 125000 read pairs
[FLASH] Processed 150000 read pairs
[FLASH] Processed 175000 read pairs
[FLASH] Processed 200000 read pairs
[FLASH] Processed 225000 read pairs
[FLASH] Processed 250000 read pairs
[FLASH] Processed 275000 read pairs
[FLASH] Processed 300000 read pairs
[FLASH] Processed 325000 read pairs
[FLASH] Processed 350000 read pairs
[FLASH] Processed 375000 read pairs
[FLASH] Processed 400000 read pairs
[FLASH] Processed 425000 read pairs
[FLASH] Processed 450000 read pairs
[FLASH] Processed 453964 read pairs
[FLASH]  
[FLASH] Read combination statistics:
[FLASH]     Total pairs:      453964
[FLASH]     Combined pairs:   374856
[FLASH]     Uncombined pairs: 79108
[FLASH]     Percent combined: 82.57%
[FLASH]  
[FLASH] Writing histogram files.
[FLASH] WARNING: An unexpectedly high proportion of combined pairs (83.73%)
overlapped by more than 65 bp, the --max-overlap (-M) parameter.  Consider
increasing this parameter.  (As-is, FLASH is penalizing overlaps longer than
65 bp when considering them for possible combining!)
[FLASH]  
[FLASH] FLASH v1.2.11 complete!
[FLASH] 0.681 seconds elapsed
[FLASH] Finished with 1 warning (see above)
[FLASH] Starting FLASH v1.2.11
[FLASH] Fast Length Adjustment of SHort reads
[FLASH]  
[FLASH] Input files:
[FLASH]     ./data/sra_fastq/ERR6913330_1.fastq.gz
[FLASH]     ./data/sra_fastq/ERR6913330_2.fastq.gz
[FLASH]  
[FLASH] Output files:
[FLASH]     ./data/merged_pairs/ERR6913330.flash.extendedFrags.fastq
[FLASH]     ./data/merged_pairs/ERR6913330.flash.notCombined_1.fastq
[FLASH]     ./data/merged_pairs/ERR6913330.flash.notCombined_2.fastq
[FLASH]     ./data/merged_pairs/ERR6913330.flash.hist
[FLASH]     ./data/merged_pairs/ERR6913330.flash.histogram
[FLASH]  
[FLASH] Parameters:
[FLASH]     Min overlap:           10
[FLASH]     Max overlap:           65
[FLASH]     Max mismatch density:  0.250000
[FLASH]     Allow "outie" pairs:   false
[FLASH]     Cap mismatch quals:    false
[FLASH]     Combiner threads:      8
[FLASH]     Input format:          FASTQ, phred_offset=33
[FLASH]     Output format:         FASTQ, phred_offset=33
[FLASH]  
[FLASH] Starting reader and writer threads
[FLASH] Starting 8 combiner threads
[FLASH] Processed 25000 read pairs
[FLASH] Processed 50000 read pairs
[FLASH] Processed 75000 read pairs
[FLASH] Processed 100000 read pairs
[FLASH] Processed 125000 read pairs
[FLASH] Processed 150000 read pairs
[FLASH] Processed 175000 read pairs
[FLASH] Processed 200000 read pairs
[FLASH] Processed 225000 read pairs
[FLASH] Processed 250000 read pairs
[FLASH] Processed 275000 read pairs
[FLASH] Processed 300000 read pairs
[FLASH] Processed 325000 read pairs
[FLASH] Processed 350000 read pairs
[FLASH] Processed 375000 read pairs
[FLASH] Processed 400000 read pairs
[FLASH] Processed 425000 read pairs
[FLASH] Processed 450000 read pairs
[FLASH] Processed 475000 read pairs
[FLASH] Processed 500000 read pairs
[FLASH] Processed 525000 read pairs
[FLASH] Processed 550000 read pairs
[FLASH] Processed 575000 read pairs
[FLASH] Processed 600000 read pairs
[FLASH] Processed 625000 read pairs
[FLASH] Processed 650000 read pairs
[FLASH] Processed 675000 read pairs
[FLASH] Processed 700000 read pairs
[FLASH] Processed 725000 read pairs
[FLASH] Processed 750000 read pairs
[FLASH] Processed 775000 read pairs
[FLASH] Processed 800000 read pairs
[FLASH] Processed 824622 read pairs
[FLASH]  
[FLASH] Read combination statistics:
[FLASH]     Total pairs:      824622
[FLASH]     Combined pairs:   768019
[FLASH]     Uncombined pairs: 56603
[FLASH]     Percent combined: 93.14%
[FLASH]  
[FLASH] Writing histogram files.
[FLASH] WARNING: An unexpectedly high proportion of combined pairs (76.55%)
overlapped by more than 65 bp, the --max-overlap (-M) parameter.  Consider
increasing this parameter.  (As-is, FLASH is penalizing overlaps longer than
65 bp when considering them for possible combining!)
[FLASH]  
[FLASH] FLASH v1.2.11 complete!
[FLASH] 1.095 seconds elapsed
[FLASH] Finished with 1 warning (see above)
[FLASH] Starting FLASH v1.2.11
[FLASH] Fast Length Adjustment of SHort reads
[FLASH]  
[FLASH] Input files:
[FLASH]     ./data/sra_fastq/ERR6913303_1.fastq.gz
[FLASH]     ./data/sra_fastq/ERR6913303_2.fastq.gz
[FLASH]  
[FLASH] Output files:
[FLASH]     ./data/merged_pairs/ERR6913303.flash.extendedFrags.fastq
[FLASH]     ./data/merged_pairs/ERR6913303.flash.notCombined_1.fastq
[FLASH]     ./data/merged_pairs/ERR6913303.flash.notCombined_2.fastq
[FLASH]     ./data/merged_pairs/ERR6913303.flash.hist
[FLASH]     ./data/merged_pairs/ERR6913303.flash.histogram
[FLASH]  
[FLASH] Parameters:
[FLASH]     Min overlap:           10
[FLASH]     Max overlap:           65
[FLASH]     Max mismatch density:  0.250000
[FLASH]     Allow "outie" pairs:   false
[FLASH]     Cap mismatch quals:    false
[FLASH]     Combiner threads:      8
[FLASH]     Input format:          FASTQ, phred_offset=33
[FLASH]     Output format:         FASTQ, phred_offset=33
[FLASH]  
[FLASH] Starting reader and writer threads
[FLASH] Starting 8 combiner threads
[FLASH] Processed 25000 read pairs
[FLASH] Processed 50000 read pairs
[FLASH] Processed 75000 read pairs
[FLASH] Processed 100000 read pairs
[FLASH] Processed 125000 read pairs
[FLASH] Processed 150000 read pairs
[FLASH] Processed 175000 read pairs
[FLASH] Processed 200000 read pairs
[FLASH] Processed 225000 read pairs
[FLASH] Processed 250000 read pairs
[FLASH] Processed 275000 read pairs
[FLASH] Processed 300000 read pairs
[FLASH] Processed 325000 read pairs
[FLASH] Processed 350000 read pairs
[FLASH] Processed 375000 read pairs
[FLASH] Processed 400000 read pairs
[FLASH] Processed 425000 read pairs
[FLASH] Processed 450000 read pairs
[FLASH] Processed 475000 read pairs
[FLASH] Processed 500000 read pairs
[FLASH] Processed 525000 read pairs
[FLASH] Processed 550000 read pairs
[FLASH] Processed 575000 read pairs
[FLASH] Processed 600000 read pairs
[FLASH] Processed 625000 read pairs
[FLASH] Processed 650000 read pairs
[FLASH] Processed 675000 read pairs
[FLASH] Processed 700000 read pairs
[FLASH] Processed 725000 read pairs
[FLASH] Processed 750000 read pairs
[FLASH] Processed 775000 read pairs
[FLASH] Processed 800000 read pairs
[FLASH] Processed 825000 read pairs
[FLASH] Processed 850000 read pairs
[FLASH] Processed 875000 read pairs
[FLASH] Processed 900000 read pairs
[FLASH] Processed 925000 read pairs
[FLASH] Processed 950000 read pairs
[FLASH] Processed 975000 read pairs
[FLASH] Processed 1000000 read pairs
[FLASH] Processed 1025000 read pairs
[FLASH] Processed 1050000 read pairs
[FLASH] Processed 1069874 read pairs
[FLASH]  
[FLASH] Read combination statistics:
[FLASH]     Total pairs:      1069874
[FLASH]     Combined pairs:   847946
[FLASH]     Uncombined pairs: 221928
[FLASH]     Percent combined: 79.26%
[FLASH]  
[FLASH] Writing histogram files.
[FLASH] WARNING: An unexpectedly high proportion of combined pairs (84.20%)
overlapped by more than 65 bp, the --max-overlap (-M) parameter.  Consider
increasing this parameter.  (As-is, FLASH is penalizing overlaps longer than
65 bp when considering them for possible combining!)
[FLASH]  
[FLASH] FLASH v1.2.11 complete!
[FLASH] 1.685 seconds elapsed
[FLASH] Finished with 1 warning (see above)
[FLASH] Starting FLASH v1.2.11
[FLASH] Fast Length Adjustment of SHort reads
[FLASH]  
[FLASH] Input files:
[FLASH]     ./data/sra_fastq/ERR6913332_1.fastq.gz
[FLASH]     ./data/sra_fastq/ERR6913332_2.fastq.gz
[FLASH]  
[FLASH] Output files:
[FLASH]     ./data/merged_pairs/ERR6913332.flash.extendedFrags.fastq
[FLASH]     ./data/merged_pairs/ERR6913332.flash.notCombined_1.fastq
[FLASH]     ./data/merged_pairs/ERR6913332.flash.notCombined_2.fastq
[FLASH]     ./data/merged_pairs/ERR6913332.flash.hist
[FLASH]     ./data/merged_pairs/ERR6913332.flash.histogram
[FLASH]  
[FLASH] Parameters:
[FLASH]     Min overlap:           10
[FLASH]     Max overlap:           65
[FLASH]     Max mismatch density:  0.250000
[FLASH]     Allow "outie" pairs:   false
[FLASH]     Cap mismatch quals:    false
[FLASH]     Combiner threads:      8
[FLASH]     Input format:          FASTQ, phred_offset=33
[FLASH]     Output format:         FASTQ, phred_offset=33
[FLASH]  
[FLASH] Starting reader and writer threads
[FLASH] Starting 8 combiner threads
[FLASH] Processed 25000 read pairs
[FLASH] Processed 50000 read pairs
[FLASH] Processed 75000 read pairs
[FLASH] Processed 100000 read pairs
[FLASH] Processed 125000 read pairs
[FLASH] Processed 150000 read pairs
[FLASH] Processed 175000 read pairs
[FLASH] Processed 200000 read pairs
[FLASH] Processed 225000 read pairs
[FLASH] Processed 250000 read pairs
[FLASH] Processed 275000 read pairs
[FLASH] Processed 300000 read pairs
[FLASH] Processed 325000 read pairs
[FLASH] Processed 350000 read pairs
[FLASH] Processed 375000 read pairs
[FLASH] Processed 400000 read pairs
[FLASH] Processed 425000 read pairs
[FLASH] Processed 450000 read pairs
[FLASH] Processed 475000 read pairs
[FLASH] Processed 500000 read pairs
[FLASH] Processed 525000 read pairs
[FLASH] Processed 550000 read pairs
[FLASH] Processed 575000 read pairs
[FLASH] Processed 600000 read pairs
[FLASH] Processed 625000 read pairs
[FLASH] Processed 650000 read pairs
[FLASH] Processed 675000 read pairs
[FLASH] Processed 700000 read pairs
[FLASH] Processed 725000 read pairs
[FLASH] Processed 750000 read pairs
[FLASH] Processed 775000 read pairs
[FLASH] Processed 800000 read pairs
[FLASH] Processed 825000 read pairs
[FLASH] Processed 850000 read pairs
[FLASH] Processed 875000 read pairs
[FLASH] Processed 900000 read pairs
[FLASH] Processed 925000 read pairs
[FLASH] Processed 950000 read pairs
[FLASH] Processed 975000 read pairs
[FLASH] Processed 1000000 read pairs
[FLASH] Processed 1025000 read pairs
[FLASH] Processed 1050000 read pairs
[FLASH] Processed 1075000 read pairs
[FLASH] Processed 1100000 read pairs
[FLASH] Processed 1125000 read pairs
[FLASH] Processed 1150000 read pairs
[FLASH] Processed 1175000 read pairs
[FLASH] Processed 1200000 read pairs
[FLASH] Processed 1225000 read pairs
[FLASH] Processed 1244676 read pairs
[FLASH]  
[FLASH] Read combination statistics:
[FLASH]     Total pairs:      1244676
[FLASH]     Combined pairs:   1113573
[FLASH]     Uncombined pairs: 131103
[FLASH]     Percent combined: 89.47%
[FLASH]  
[FLASH] Writing histogram files.
[FLASH] WARNING: An unexpectedly high proportion of combined pairs (87.97%)
overlapped by more than 65 bp, the --max-overlap (-M) parameter.  Consider
increasing this parameter.  (As-is, FLASH is penalizing overlaps longer than
65 bp when considering them for possible combining!)
[FLASH]  
[FLASH] FLASH v1.2.11 complete!
[FLASH] 1.848 seconds elapsed
[FLASH] Finished with 1 warning (see above)
[FLASH] Starting FLASH v1.2.11
[FLASH] Fast Length Adjustment of SHort reads
[FLASH]  
[FLASH] Input files:
[FLASH]     ./data/sra_fastq/ERR6913164_1.fastq.gz
[FLASH]     ./data/sra_fastq/ERR6913164_2.fastq.gz
[FLASH]  
[FLASH] Output files:
[FLASH]     ./data/merged_pairs/ERR6913164.flash.extendedFrags.fastq
[FLASH]     ./data/merged_pairs/ERR6913164.flash.notCombined_1.fastq
[FLASH]     ./data/merged_pairs/ERR6913164.flash.notCombined_2.fastq
[FLASH]     ./data/merged_pairs/ERR6913164.flash.hist
[FLASH]     ./data/merged_pairs/ERR6913164.flash.histogram
[FLASH]  
[FLASH] Parameters:
[FLASH]     Min overlap:           10
[FLASH]     Max overlap:           65
[FLASH]     Max mismatch density:  0.250000
[FLASH]     Allow "outie" pairs:   false
[FLASH]     Cap mismatch quals:    false
[FLASH]     Combiner threads:      8
[FLASH]     Input format:          FASTQ, phred_offset=33
[FLASH]     Output format:         FASTQ, phred_offset=33
[FLASH]  
[FLASH] Starting reader and writer threads
[FLASH] Starting 8 combiner threads
[FLASH] Processed 25000 read pairs
[FLASH] Processed 50000 read pairs
[FLASH] Processed 75000 read pairs
[FLASH] Processed 100000 read pairs
[FLASH] Processed 115593 read pairs
[FLASH]  
[FLASH] Read combination statistics:
[FLASH]     Total pairs:      115593
[FLASH]     Combined pairs:   105554
[FLASH]     Uncombined pairs: 10039
[FLASH]     Percent combined: 91.32%
[FLASH]  
[FLASH] Writing histogram files.
[FLASH] WARNING: An unexpectedly high proportion of combined pairs (88.49%)
overlapped by more than 65 bp, the --max-overlap (-M) parameter.  Consider
increasing this parameter.  (As-is, FLASH is penalizing overlaps longer than
65 bp when considering them for possible combining!)
[FLASH]  
[FLASH] FLASH v1.2.11 complete!
[FLASH] 0.188 seconds elapsed
[FLASH] Finished with 1 warning (see above)
[FLASH] Starting FLASH v1.2.11
[FLASH] Fast Length Adjustment of SHort reads
[FLASH]  
[FLASH] Input files:
[FLASH]     ./data/sra_fastq/ERR6913260_1.fastq.gz
[FLASH]     ./data/sra_fastq/ERR6913260_2.fastq.gz
[FLASH]  
[FLASH] Output files:
[FLASH]     ./data/merged_pairs/ERR6913260.flash.extendedFrags.fastq
[FLASH]     ./data/merged_pairs/ERR6913260.flash.notCombined_1.fastq
[FLASH]     ./data/merged_pairs/ERR6913260.flash.notCombined_2.fastq
[FLASH]     ./data/merged_pairs/ERR6913260.flash.hist
[FLASH]     ./data/merged_pairs/ERR6913260.flash.histogram
[FLASH]  
[FLASH] Parameters:
[FLASH]     Min overlap:           10
[FLASH]     Max overlap:           65
[FLASH]     Max mismatch density:  0.250000
[FLASH]     Allow "outie" pairs:   false
[FLASH]     Cap mismatch quals:    false
[FLASH]     Combiner threads:      8
[FLASH]     Input format:          FASTQ, phred_offset=33
[FLASH]     Output format:         FASTQ, phred_offset=33
[FLASH]  
[FLASH] Starting reader and writer threads
[FLASH] Starting 8 combiner threads
[FLASH] Processed 13784 read pairs
[FLASH]  
[FLASH] Read combination statistics:
[FLASH]     Total pairs:      13784
[FLASH]     Combined pairs:   12990
[FLASH]     Uncombined pairs: 794
[FLASH]     Percent combined: 94.24%
[FLASH]  
[FLASH] Writing histogram files.
[FLASH] WARNING: An unexpectedly high proportion of combined pairs (86.06%)
overlapped by more than 65 bp, the --max-overlap (-M) parameter.  Consider
increasing this parameter.  (As-is, FLASH is penalizing overlaps longer than
65 bp when considering them for possible combining!)
[FLASH]  
[FLASH] FLASH v1.2.11 complete!
[FLASH] 0.029 seconds elapsed
[FLASH] Finished with 1 warning (see above)
[FLASH] Starting FLASH v1.2.11
[FLASH] Fast Length Adjustment of SHort reads
[FLASH]  
[FLASH] Input files:
[FLASH]     ./data/sra_fastq/ERR6913167_1.fastq.gz
[FLASH]     ./data/sra_fastq/ERR6913167_2.fastq.gz
[FLASH]  
[FLASH] Output files:
[FLASH]     ./data/merged_pairs/ERR6913167.flash.extendedFrags.fastq
[FLASH]     ./data/merged_pairs/ERR6913167.flash.notCombined_1.fastq
[FLASH]     ./data/merged_pairs/ERR6913167.flash.notCombined_2.fastq
[FLASH]     ./data/merged_pairs/ERR6913167.flash.hist
[FLASH]     ./data/merged_pairs/ERR6913167.flash.histogram
[FLASH]  
[FLASH] Parameters:
[FLASH]     Min overlap:           10
[FLASH]     Max overlap:           65
[FLASH]     Max mismatch density:  0.250000
[FLASH]     Allow "outie" pairs:   false
[FLASH]     Cap mismatch quals:    false
[FLASH]     Combiner threads:      8
[FLASH]     Input format:          FASTQ, phred_offset=33
[FLASH]     Output format:         FASTQ, phred_offset=33
[FLASH]  
[FLASH] Starting reader and writer threads
[FLASH] Starting 8 combiner threads
[FLASH] Processed 25000 read pairs
[FLASH] Processed 50000 read pairs
[FLASH] Processed 75000 read pairs
[FLASH] Processed 100000 read pairs
[FLASH] Processed 125000 read pairs
[FLASH] Processed 150000 read pairs
[FLASH] Processed 175000 read pairs
[FLASH] Processed 185161 read pairs
[FLASH]  
[FLASH] Read combination statistics:
[FLASH]     Total pairs:      185161
[FLASH]     Combined pairs:   168385
[FLASH]     Uncombined pairs: 16776
[FLASH]     Percent combined: 90.94%
[FLASH]  
[FLASH] Writing histogram files.
[FLASH] WARNING: An unexpectedly high proportion of combined pairs (88.83%)
overlapped by more than 65 bp, the --max-overlap (-M) parameter.  Consider
increasing this parameter.  (As-is, FLASH is penalizing overlaps longer than
65 bp when considering them for possible combining!)
[FLASH]  
[FLASH] FLASH v1.2.11 complete!
[FLASH] 0.333 seconds elapsed
[FLASH] Finished with 1 warning (see above)
[FLASH] Starting FLASH v1.2.11
[FLASH] Fast Length Adjustment of SHort reads
[FLASH]  
[FLASH] Input files:
[FLASH]     ./data/sra_fastq/ERR6913263_1.fastq.gz
[FLASH]     ./data/sra_fastq/ERR6913263_2.fastq.gz
[FLASH]  
[FLASH] Output files:
[FLASH]     ./data/merged_pairs/ERR6913263.flash.extendedFrags.fastq
[FLASH]     ./data/merged_pairs/ERR6913263.flash.notCombined_1.fastq
[FLASH]     ./data/merged_pairs/ERR6913263.flash.notCombined_2.fastq
[FLASH]     ./data/merged_pairs/ERR6913263.flash.hist
[FLASH]     ./data/merged_pairs/ERR6913263.flash.histogram
[FLASH]  
[FLASH] Parameters:
[FLASH]     Min overlap:           10
[FLASH]     Max overlap:           65
[FLASH]     Max mismatch density:  0.250000
[FLASH]     Allow "outie" pairs:   false
[FLASH]     Cap mismatch quals:    false
[FLASH]     Combiner threads:      8
[FLASH]     Input format:          FASTQ, phred_offset=33
[FLASH]     Output format:         FASTQ, phred_offset=33
[FLASH]  
[FLASH] Starting reader and writer threads
[FLASH] Starting 8 combiner threads
[FLASH] Processed 24695 read pairs
[FLASH]  
[FLASH] Read combination statistics:
[FLASH]     Total pairs:      24695
[FLASH]     Combined pairs:   23172
[FLASH]     Uncombined pairs: 1523
[FLASH]     Percent combined: 93.83%
[FLASH]  
[FLASH] Writing histogram files.
[FLASH] WARNING: An unexpectedly high proportion of combined pairs (82.80%)
overlapped by more than 65 bp, the --max-overlap (-M) parameter.  Consider
increasing this parameter.  (As-is, FLASH is penalizing overlaps longer than
65 bp when considering them for possible combining!)
[FLASH]  
[FLASH] FLASH v1.2.11 complete!
[FLASH] 0.044 seconds elapsed
[FLASH] Finished with 1 warning (see above)
